<?xml version="1.0" encoding="UTF-8"?>
<!-- Generated by org.testng.reporters.JUnitReportReporter -->
<testsuite hostname="DESKTOP-ATONJUP" failures="0" tests="2" name="Academy.HomePageLogin" time="33.159" errors="0" timestamp="2020-05-24T02:39:28 PDT" skipped="0">
  <testcase classname="Academy.HomePageLogin" name="login" time="14.164"/>
  <system-out/>
  <testcase classname="Academy.HomePageLogin" name="login" time="18.995"/>
  <system-out/>
</testsuite> <!-- Academy.HomePageLogin -->
