<?xml version="1.0" encoding="UTF-8"?>
<!-- Generated by org.testng.reporters.JUnitReportReporter -->
<testsuite hostname="DESKTOP-ATONJUP" failures="0" tests="2" name="Academy.VerifyNavMenu" time="5.504" errors="0" timestamp="2020-05-24T08:23:41 PDT" skipped="0">
  <testcase classname="Academy.VerifyNavMenu" name="navMenuVerify" time="4.453"/>
  <system-out/>
  <testcase classname="Academy.VerifyNavMenu" name="verifyHeaderSec" time="1.051"/>
  <system-out/>
</testsuite> <!-- Academy.VerifyNavMenu -->
