<?xml version="1.0" encoding="UTF-8"?>
<!-- Generated by org.testng.reporters.JUnitReportReporter -->
<testsuite hostname="DESKTOP-ATONJUP" failures="0" tests="1" name="Academy.VerifyNavMenu" time="22.545" errors="0" timestamp="2020-05-24T06:39:08 PDT" skipped="0">
  <testcase classname="Academy.VerifyNavMenu" name="navMenuVerify" time="22.545"/>
  <system-out/>
</testsuite> <!-- Academy.VerifyNavMenu -->
